{"contracts/Forger.sol":{"l":{"17":0,"18":0,"19":0,"20":0,"24":0,"26":0,"28":0,"29":0,"34":0,"35":0,"36":0,"38":0,"39":0,"42":0,"45":0,"46":0,"50":0,"51":0,"52":0,"53":0,"57":0,"58":0,"59":0,"63":0,"64":0},"path":"/Users/eskaine/Developer/metana/module-4/module-3/smart_contracts/contracts/Forger.sol","s":{"1":0,"2":0,"3":0,"4":0,"5":0,"6":0,"7":0,"8":0,"9":0,"10":0,"11":0,"12":0,"13":0,"14":0},"b":{"1":[0,0],"2":[0,0],"3":[0,0],"4":[0,0],"5":[0,0]},"f":{"1":0,"2":0,"3":0,"4":0,"5":0,"6":0},"fnMap":{"1":{"name":"constructor","line":16,"loc":{"start":{"line":16,"column":4},"end":{"line":21,"column":4}}},"2":{"name":"tradeItem","line":23,"loc":{"start":{"line":23,"column":4},"end":{"line":31,"column":4}}},"3":{"name":"forgeItem","line":33,"loc":{"start":{"line":33,"column":4},"end":{"line":47,"column":4}}},"4":{"name":"_setItemRequires","line":49,"loc":{"start":{"line":49,"column":4},"end":{"line":54,"column":4}}},"5":{"name":"_setTradableItems","line":56,"loc":{"start":{"line":56,"column":4},"end":{"line":60,"column":4}}},"6":{"name":"notOwner","line":62,"loc":{"start":{"line":62,"column":4},"end":{"line":65,"column":4}}}},"statementMap":{"1":{"start":{"line":19,"column":8},"end":{"line":19,"column":25}},"2":{"start":{"line":20,"column":8},"end":{"line":20,"column":26}},"3":{"start":{"line":24,"column":8},"end":{"line":24,"column":59}},"4":{"start":{"line":26,"column":8},"end":{"line":26,"column":47}},"5":{"start":{"line":28,"column":8},"end":{"line":28,"column":58}},"6":{"start":{"line":29,"column":8},"end":{"line":29,"column":54}},"7":{"start":{"line":34,"column":8},"end":{"line":34,"column":1055}},"8":{"start":{"line":35,"column":12},"end":{"line":35,"column":67}},"9":{"start":{"line":36,"column":12},"end":{"line":36,"column":73}},"10":{"start":{"line":38,"column":12},"end":{"line":38,"column":1257}},"11":{"start":{"line":42,"column":12},"end":{"line":42,"column":71}},"12":{"start":{"line":45,"column":8},"end":{"line":45,"column":39}},"13":{"start":{"line":46,"column":8},"end":{"line":46,"column":54}},"14":{"start":{"line":63,"column":8},"end":{"line":63,"column":71}}},"branchMap":{"1":{"line":23,"type":"if","locations":[{"start":{"line":23,"column":60},"end":{"line":23,"column":60}},{"start":{"line":23,"column":60},"end":{"line":23,"column":60}}]},"2":{"line":24,"type":"if","locations":[{"start":{"line":24,"column":8},"end":{"line":24,"column":8}},{"start":{"line":24,"column":8},"end":{"line":24,"column":8}}]},"3":{"line":33,"type":"if","locations":[{"start":{"line":33,"column":44},"end":{"line":33,"column":44}},{"start":{"line":33,"column":44},"end":{"line":33,"column":44}}]},"4":{"line":34,"type":"if","locations":[{"start":{"line":34,"column":8},"end":{"line":34,"column":8}},{"start":{"line":34,"column":8},"end":{"line":34,"column":8}}]},"5":{"line":63,"type":"if","locations":[{"start":{"line":63,"column":8},"end":{"line":63,"column":8}},{"start":{"line":63,"column":8},"end":{"line":63,"column":8}}]}}},"contracts/GameCollection.sol":{"l":{"15":3,"23":2,"24":8,"26":1,"30":1,"31":1,"39":1,"47":1,"55":13,"56":13,"57":1,"59":9,"62":12,"66":1,"70":17,"71":15,"75":19,"76":17},"path":"/Users/eskaine/Developer/metana/module-4/module-3/smart_contracts/contracts/GameCollection.sol","s":{"1":2,"2":8,"3":1,"4":1,"5":1,"6":1,"7":1,"8":13,"9":13,"10":1,"11":12,"12":12,"13":1,"14":17,"15":19},"b":{"1":[2,2],"2":[1,7],"3":[1,0],"4":[1,0],"5":[1,0],"6":[1,0],"7":[13,2],"8":[13,0],"9":[1,12],"10":[9,3],"11":[15,2],"12":[17,2]},"f":{"1":3,"2":2,"3":1,"4":1,"5":13,"6":1,"7":17,"8":19},"fnMap":{"1":{"name":"constructor","line":14,"loc":{"start":{"line":14,"column":4},"end":{"line":17,"column":4}}},"2":{"name":"getPlayerAllItems","line":22,"loc":{"start":{"line":20,"column":4},"end":{"line":32,"column":4}}},"3":{"name":"burn","line":38,"loc":{"start":{"line":34,"column":4},"end":{"line":40,"column":4}}},"4":{"name":"burnBatch","line":46,"loc":{"start":{"line":42,"column":4},"end":{"line":48,"column":4}}},"5":{"name":"mint","line":54,"loc":{"start":{"line":50,"column":4},"end":{"line":63,"column":4}}},"6":{"name":"uri","line":65,"loc":{"start":{"line":65,"column":4},"end":{"line":67,"column":4}}},"7":{"name":"itemOwner","line":69,"loc":{"start":{"line":69,"column":4},"end":{"line":72,"column":4}}},"8":{"name":"notContractOwner","line":74,"loc":{"start":{"line":74,"column":4},"end":{"line":77,"column":4}}}},"statementMap":{"1":{"start":{"line":23,"column":8},"end":{"line":23,"column":771}},"2":{"start":{"line":24,"column":12},"end":{"line":24,"column":833}},"3":{"start":{"line":26,"column":16},"end":{"line":26,"column":43}},"4":{"start":{"line":30,"column":8},"end":{"line":30,"column":75}},"5":{"start":{"line":31,"column":8},"end":{"line":31,"column":20}},"6":{"start":{"line":39,"column":8},"end":{"line":39,"column":30}},"7":{"start":{"line":47,"column":8},"end":{"line":47,"column":36}},"8":{"start":{"line":55,"column":8},"end":{"line":55,"column":67}},"9":{"start":{"line":56,"column":8},"end":{"line":56,"column":1696}},"10":{"start":{"line":57,"column":12},"end":{"line":57,"column":48}},"11":{"start":{"line":58,"column":15},"end":{"line":58,"column":1798}},"12":{"start":{"line":62,"column":8},"end":{"line":62,"column":32}},"13":{"start":{"line":66,"column":8},"end":{"line":66,"column":76}},"14":{"start":{"line":70,"column":8},"end":{"line":70,"column":72}},"15":{"start":{"line":75,"column":8},"end":{"line":75,"column":71}}},"branchMap":{"1":{"line":22,"type":"if","locations":[{"start":{"line":22,"column":20},"end":{"line":22,"column":20}},{"start":{"line":22,"column":20},"end":{"line":22,"column":20}}]},"2":{"line":24,"type":"if","locations":[{"start":{"line":24,"column":12},"end":{"line":24,"column":12}},{"start":{"line":24,"column":12},"end":{"line":24,"column":12}}]},"3":{"line":38,"type":"if","locations":[{"start":{"line":38,"column":15},"end":{"line":38,"column":15}},{"start":{"line":38,"column":15},"end":{"line":38,"column":15}}]},"4":{"line":38,"type":"if","locations":[{"start":{"line":38,"column":31},"end":{"line":38,"column":31}},{"start":{"line":38,"column":31},"end":{"line":38,"column":31}}]},"5":{"line":46,"type":"if","locations":[{"start":{"line":46,"column":15},"end":{"line":46,"column":15}},{"start":{"line":46,"column":15},"end":{"line":46,"column":15}}]},"6":{"line":46,"type":"if","locations":[{"start":{"line":46,"column":31},"end":{"line":46,"column":31}},{"start":{"line":46,"column":31},"end":{"line":46,"column":31}}]},"7":{"line":54,"type":"if","locations":[{"start":{"line":54,"column":15},"end":{"line":54,"column":15}},{"start":{"line":54,"column":15},"end":{"line":54,"column":15}}]},"8":{"line":54,"type":"if","locations":[{"start":{"line":54,"column":29},"end":{"line":54,"column":29}},{"start":{"line":54,"column":29},"end":{"line":54,"column":29}}]},"9":{"line":56,"type":"if","locations":[{"start":{"line":56,"column":8},"end":{"line":56,"column":8}},{"start":{"line":56,"column":8},"end":{"line":56,"column":8}}]},"10":{"line":58,"type":"if","locations":[{"start":{"line":58,"column":15},"end":{"line":58,"column":15}},{"start":{"line":58,"column":15},"end":{"line":58,"column":15}}]},"11":{"line":70,"type":"if","locations":[{"start":{"line":70,"column":8},"end":{"line":70,"column":8}},{"start":{"line":70,"column":8},"end":{"line":70,"column":8}}]},"12":{"line":75,"type":"if","locations":[{"start":{"line":75,"column":8},"end":{"line":75,"column":8}},{"start":{"line":75,"column":8},"end":{"line":75,"column":8}}]}}}}