{"contracts/Forger.sol":{"l":{"17":3,"18":3,"19":3,"20":3,"24":2,"26":1,"28":1,"29":1,"34":2,"35":1,"36":1,"38":1,"39":2,"42":1,"45":2,"46":2,"50":3,"51":3,"52":3,"53":3,"57":3,"58":3,"59":3,"63":6,"64":4},"path":"/Users/eskaine/Developer/metana/module-4/module-3/smart_contracts/contracts/Forger.sol","s":{"1":3,"2":3,"3":2,"4":1,"5":1,"6":1,"7":2,"8":1,"9":1,"10":1,"11":1,"12":2,"13":2,"14":6},"b":{"1":[2,1],"2":[1,1],"3":[2,1],"4":[1,1],"5":[4,2]},"f":{"1":3,"2":2,"3":2,"4":3,"5":3,"6":6},"fnMap":{"1":{"name":"constructor","line":16,"loc":{"start":{"line":16,"column":4},"end":{"line":21,"column":4}}},"2":{"name":"tradeItem","line":23,"loc":{"start":{"line":23,"column":4},"end":{"line":31,"column":4}}},"3":{"name":"forgeItem","line":33,"loc":{"start":{"line":33,"column":4},"end":{"line":47,"column":4}}},"4":{"name":"_setItemRequires","line":49,"loc":{"start":{"line":49,"column":4},"end":{"line":54,"column":4}}},"5":{"name":"_setTradableItems","line":56,"loc":{"start":{"line":56,"column":4},"end":{"line":60,"column":4}}},"6":{"name":"notOwner","line":62,"loc":{"start":{"line":62,"column":4},"end":{"line":65,"column":4}}}},"statementMap":{"1":{"start":{"line":19,"column":8},"end":{"line":19,"column":25}},"2":{"start":{"line":20,"column":8},"end":{"line":20,"column":26}},"3":{"start":{"line":24,"column":8},"end":{"line":24,"column":75}},"4":{"start":{"line":26,"column":8},"end":{"line":26,"column":47}},"5":{"start":{"line":28,"column":8},"end":{"line":28,"column":58}},"6":{"start":{"line":29,"column":8},"end":{"line":29,"column":54}},"7":{"start":{"line":34,"column":8},"end":{"line":34,"column":1063}},"8":{"start":{"line":35,"column":12},"end":{"line":35,"column":67}},"9":{"start":{"line":36,"column":12},"end":{"line":36,"column":73}},"10":{"start":{"line":38,"column":12},"end":{"line":38,"column":1265}},"11":{"start":{"line":42,"column":12},"end":{"line":42,"column":71}},"12":{"start":{"line":45,"column":8},"end":{"line":45,"column":39}},"13":{"start":{"line":46,"column":8},"end":{"line":46,"column":54}},"14":{"start":{"line":63,"column":8},"end":{"line":63,"column":71}}},"branchMap":{"1":{"line":23,"type":"if","locations":[{"start":{"line":23,"column":60},"end":{"line":23,"column":60}},{"start":{"line":23,"column":60},"end":{"line":23,"column":60}}]},"2":{"line":24,"type":"if","locations":[{"start":{"line":24,"column":8},"end":{"line":24,"column":8}},{"start":{"line":24,"column":8},"end":{"line":24,"column":8}}]},"3":{"line":33,"type":"if","locations":[{"start":{"line":33,"column":44},"end":{"line":33,"column":44}},{"start":{"line":33,"column":44},"end":{"line":33,"column":44}}]},"4":{"line":34,"type":"if","locations":[{"start":{"line":34,"column":8},"end":{"line":34,"column":8}},{"start":{"line":34,"column":8},"end":{"line":34,"column":8}}]},"5":{"line":63,"type":"if","locations":[{"start":{"line":63,"column":8},"end":{"line":63,"column":8}},{"start":{"line":63,"column":8},"end":{"line":63,"column":8}}]}}},"contracts/GameCollection.sol":{"l":{"15":6,"22":2,"23":8,"25":1,"29":1,"30":1,"38":2,"46":2,"54":40,"55":40,"56":1,"58":27,"61":39,"65":1,"69":47,"70":44,"74":53,"75":49},"path":"/Users/eskaine/Developer/metana/module-4/module-3/smart_contracts/contracts/GameCollection.sol","s":{"1":2,"2":8,"3":1,"4":1,"5":1,"6":2,"7":2,"8":40,"9":40,"10":1,"11":39,"12":39,"13":1,"14":47,"15":53},"b":{"1":[2,1],"2":[1,7],"3":[3,1],"4":[2,1],"5":[3,1],"6":[2,1],"7":[41,1],"8":[40,1],"9":[1,39],"10":[27,12],"11":[44,3],"12":[49,4]},"f":{"1":6,"2":2,"3":2,"4":2,"5":40,"6":1,"7":47,"8":53},"fnMap":{"1":{"name":"constructor","line":14,"loc":{"start":{"line":14,"column":4},"end":{"line":16,"column":4}}},"2":{"name":"getPlayerAllItems","line":21,"loc":{"start":{"line":19,"column":4},"end":{"line":31,"column":4}}},"3":{"name":"burn","line":37,"loc":{"start":{"line":33,"column":4},"end":{"line":39,"column":4}}},"4":{"name":"burnBatch","line":45,"loc":{"start":{"line":41,"column":4},"end":{"line":47,"column":4}}},"5":{"name":"mint","line":53,"loc":{"start":{"line":49,"column":4},"end":{"line":62,"column":4}}},"6":{"name":"uri","line":64,"loc":{"start":{"line":64,"column":4},"end":{"line":66,"column":4}}},"7":{"name":"itemOwner","line":68,"loc":{"start":{"line":68,"column":4},"end":{"line":71,"column":4}}},"8":{"name":"notContractOwner","line":73,"loc":{"start":{"line":73,"column":4},"end":{"line":76,"column":4}}}},"statementMap":{"1":{"start":{"line":22,"column":8},"end":{"line":22,"column":762}},"2":{"start":{"line":23,"column":12},"end":{"line":23,"column":824}},"3":{"start":{"line":25,"column":16},"end":{"line":25,"column":43}},"4":{"start":{"line":29,"column":8},"end":{"line":29,"column":75}},"5":{"start":{"line":30,"column":8},"end":{"line":30,"column":20}},"6":{"start":{"line":38,"column":8},"end":{"line":38,"column":30}},"7":{"start":{"line":46,"column":8},"end":{"line":46,"column":36}},"8":{"start":{"line":54,"column":8},"end":{"line":54,"column":67}},"9":{"start":{"line":55,"column":8},"end":{"line":55,"column":1687}},"10":{"start":{"line":56,"column":12},"end":{"line":56,"column":48}},"11":{"start":{"line":57,"column":15},"end":{"line":57,"column":1789}},"12":{"start":{"line":61,"column":8},"end":{"line":61,"column":32}},"13":{"start":{"line":65,"column":8},"end":{"line":65,"column":76}},"14":{"start":{"line":69,"column":8},"end":{"line":69,"column":72}},"15":{"start":{"line":74,"column":8},"end":{"line":74,"column":71}}},"branchMap":{"1":{"line":21,"type":"if","locations":[{"start":{"line":21,"column":20},"end":{"line":21,"column":20}},{"start":{"line":21,"column":20},"end":{"line":21,"column":20}}]},"2":{"line":23,"type":"if","locations":[{"start":{"line":23,"column":12},"end":{"line":23,"column":12}},{"start":{"line":23,"column":12},"end":{"line":23,"column":12}}]},"3":{"line":37,"type":"if","locations":[{"start":{"line":37,"column":15},"end":{"line":37,"column":15}},{"start":{"line":37,"column":15},"end":{"line":37,"column":15}}]},"4":{"line":37,"type":"if","locations":[{"start":{"line":37,"column":32},"end":{"line":37,"column":32}},{"start":{"line":37,"column":32},"end":{"line":37,"column":32}}]},"5":{"line":45,"type":"if","locations":[{"start":{"line":45,"column":15},"end":{"line":45,"column":15}},{"start":{"line":45,"column":15},"end":{"line":45,"column":15}}]},"6":{"line":45,"type":"if","locations":[{"start":{"line":45,"column":32},"end":{"line":45,"column":32}},{"start":{"line":45,"column":32},"end":{"line":45,"column":32}}]},"7":{"line":53,"type":"if","locations":[{"start":{"line":53,"column":15},"end":{"line":53,"column":15}},{"start":{"line":53,"column":15},"end":{"line":53,"column":15}}]},"8":{"line":53,"type":"if","locations":[{"start":{"line":53,"column":32},"end":{"line":53,"column":32}},{"start":{"line":53,"column":32},"end":{"line":53,"column":32}}]},"9":{"line":55,"type":"if","locations":[{"start":{"line":55,"column":8},"end":{"line":55,"column":8}},{"start":{"line":55,"column":8},"end":{"line":55,"column":8}}]},"10":{"line":57,"type":"if","locations":[{"start":{"line":57,"column":15},"end":{"line":57,"column":15}},{"start":{"line":57,"column":15},"end":{"line":57,"column":15}}]},"11":{"line":69,"type":"if","locations":[{"start":{"line":69,"column":8},"end":{"line":69,"column":8}},{"start":{"line":69,"column":8},"end":{"line":69,"column":8}}]},"12":{"line":74,"type":"if","locations":[{"start":{"line":74,"column":8},"end":{"line":74,"column":8}},{"start":{"line":74,"column":8},"end":{"line":74,"column":8}}]}}}}