{"contracts/MyToken.sol":{"l":{"17":3,"22":8,"24":7,"25":7,"28":7,"29":1,"32":6,"33":6,"37":3,"38":3,"39":3,"40":3,"42":3,"43":1,"46":2,"47":1,"50":1,"52":1,"53":1,"57":5,"58":4,"59":3,"60":2,"61":2,"65":13,"66":11},"path":"/Users/eskaine/Developer/metana/module-4/module-1/partial_refund/contracts/MyToken.sol","s":{"1":8,"2":7,"3":7,"4":7,"5":1,"6":6,"7":6,"8":3,"9":3,"10":3,"11":3,"12":3,"13":1,"14":2,"15":1,"16":1,"17":1,"18":1,"19":5,"20":4,"21":3,"22":2,"23":2,"24":13},"b":{"1":[8,1],"2":[7,1],"3":[1,6],"4":[3,1],"5":[1,2],"6":[1,1],"7":[4,1],"8":[3,1],"9":[2,1],"10":[11,2]},"f":{"1":3,"2":8,"3":3,"4":5,"5":13},"fnMap":{"1":{"name":"constructor","line":16,"loc":{"start":{"line":16,"column":4},"end":{"line":18,"column":4}}},"2":{"name":"buyToken","line":20,"loc":{"start":{"line":20,"column":4},"end":{"line":34,"column":4}}},"3":{"name":"sellBack","line":36,"loc":{"start":{"line":36,"column":4},"end":{"line":54,"column":4}}},"4":{"name":"withdraw","line":56,"loc":{"start":{"line":56,"column":4},"end":{"line":62,"column":4}}},"5":{"name":"notOwner","line":64,"loc":{"start":{"line":64,"column":4},"end":{"line":67,"column":4}}}},"statementMap":{"1":{"start":{"line":22,"column":8},"end":{"line":22,"column":68}},"2":{"start":{"line":24,"column":8},"end":{"line":24,"column":45}},"3":{"start":{"line":25,"column":8},"end":{"line":25,"column":78}},"4":{"start":{"line":28,"column":8},"end":{"line":28,"column":961}},"5":{"start":{"line":29,"column":12},"end":{"line":29,"column":42}},"6":{"start":{"line":32,"column":8},"end":{"line":32,"column":32}},"7":{"start":{"line":33,"column":8},"end":{"line":33,"column":47}},"8":{"start":{"line":37,"column":8},"end":{"line":37,"column":52}},"9":{"start":{"line":38,"column":8},"end":{"line":38,"column":62}},"10":{"start":{"line":39,"column":8},"end":{"line":39,"column":57}},"11":{"start":{"line":40,"column":8},"end":{"line":40,"column":49}},"12":{"start":{"line":42,"column":8},"end":{"line":42,"column":1446}},"13":{"start":{"line":43,"column":12},"end":{"line":43,"column":38}},"14":{"start":{"line":46,"column":8},"end":{"line":46,"column":1554}},"15":{"start":{"line":47,"column":12},"end":{"line":47,"column":40}},"16":{"start":{"line":50,"column":8},"end":{"line":50,"column":42}},"17":{"start":{"line":52,"column":8},"end":{"line":52,"column":48}},"18":{"start":{"line":53,"column":8},"end":{"line":53,"column":40}},"19":{"start":{"line":57,"column":8},"end":{"line":57,"column":52}},"20":{"start":{"line":58,"column":8},"end":{"line":58,"column":58}},"21":{"start":{"line":59,"column":8},"end":{"line":59,"column":70}},"22":{"start":{"line":60,"column":8},"end":{"line":60,"column":46}},"23":{"start":{"line":61,"column":8},"end":{"line":61,"column":26}},"24":{"start":{"line":65,"column":8},"end":{"line":65,"column":71}}},"branchMap":{"1":{"line":20,"type":"if","locations":[{"start":{"line":20,"column":39},"end":{"line":20,"column":39}},{"start":{"line":20,"column":39},"end":{"line":20,"column":39}}]},"2":{"line":22,"type":"if","locations":[{"start":{"line":22,"column":8},"end":{"line":22,"column":8}},{"start":{"line":22,"column":8},"end":{"line":22,"column":8}}]},"3":{"line":28,"type":"if","locations":[{"start":{"line":28,"column":8},"end":{"line":28,"column":8}},{"start":{"line":28,"column":8},"end":{"line":28,"column":8}}]},"4":{"line":36,"type":"if","locations":[{"start":{"line":36,"column":45},"end":{"line":36,"column":45}},{"start":{"line":36,"column":45},"end":{"line":36,"column":45}}]},"5":{"line":42,"type":"if","locations":[{"start":{"line":42,"column":8},"end":{"line":42,"column":8}},{"start":{"line":42,"column":8},"end":{"line":42,"column":8}}]},"6":{"line":46,"type":"if","locations":[{"start":{"line":46,"column":8},"end":{"line":46,"column":8}},{"start":{"line":46,"column":8},"end":{"line":46,"column":8}}]},"7":{"line":57,"type":"if","locations":[{"start":{"line":57,"column":8},"end":{"line":57,"column":8}},{"start":{"line":57,"column":8},"end":{"line":57,"column":8}}]},"8":{"line":58,"type":"if","locations":[{"start":{"line":58,"column":8},"end":{"line":58,"column":8}},{"start":{"line":58,"column":8},"end":{"line":58,"column":8}}]},"9":{"line":59,"type":"if","locations":[{"start":{"line":59,"column":8},"end":{"line":59,"column":8}},{"start":{"line":59,"column":8},"end":{"line":59,"column":8}}]},"10":{"line":65,"type":"if","locations":[{"start":{"line":65,"column":8},"end":{"line":65,"column":8}},{"start":{"line":65,"column":8},"end":{"line":65,"column":8}}]}}}}